{"numTotalTestSuites":33,"numPassedTestSuites":33,"numFailedTestSuites":0,"numPendingTestSuites":0,"numTotalTests":59,"numPassedTests":58,"numFailedTests":1,"numPendingTests":0,"numTodoTests":0,"startTime":1768040557391,"success":false,"testResults":[{"assertionResults":[{"ancestorTitles":["","Global Report Generator"],"fullName":" Global Report Generator should generate valid global report with all required artifacts","status":"passed","title":"should generate valid global report with all required artifacts","duration":2048,"failureMessages":[]},{"ancestorTitles":["","Global Report Generator"],"fullName":" Global Report Generator should fail when required artifacts are missing","status":"passed","title":"should fail when required artifacts are missing","duration":1497,"failureMessages":[]},{"ancestorTitles":["","Global Report Generator"],"fullName":" Global Report Generator should fail when artifacts contain invalid JSON","status":"passed","title":"should fail when artifacts contain invalid JSON","duration":1476,"failureMessages":[]},{"ancestorTitles":["","Global Report Generator"],"fullName":" Global Report Generator should correctly calculate quality gates with failing conditions","status":"passed","title":"should correctly calculate quality gates with failing conditions","duration":1659,"failureMessages":[]},{"ancestorTitles":["","Global Report Generator"],"fullName":" Global Report Generator should enforce coverage gate >= 80% when domain code exists","status":"passed","title":"should enforce coverage gate >= 80% when domain code exists","duration":1796,"failureMessages":[]}],"startTime":1768040560024,"endTime":1768040568500,"status":"passed","message":"","name":"/Users/renatovilasboas/Renato/Apps/tasks/scripts/test/generate-report.test.ts"},{"assertionResults":[{"ancestorTitles":["","EventBus","subscribe and publish"],"fullName":" EventBus subscribe and publish should call handler when event is published","status":"passed","title":"should call handler when event is published","duration":8,"failureMessages":[]},{"ancestorTitles":["","EventBus","subscribe and publish"],"fullName":" EventBus subscribe and publish should call multiple handlers for the same event","status":"passed","title":"should call multiple handlers for the same event","duration":2,"failureMessages":[]},{"ancestorTitles":["","EventBus","subscribe and publish"],"fullName":" EventBus subscribe and publish should not call handlers for different events","status":"passed","title":"should not call handlers for different events","duration":1,"failureMessages":[]},{"ancestorTitles":["","EventBus","subscribe and publish"],"fullName":" EventBus subscribe and publish should handle async handlers","status":"passed","title":"should handle async handlers","duration":1,"failureMessages":[]},{"ancestorTitles":["","EventBus","subscribe and publish"],"fullName":" EventBus subscribe and publish should handle handler errors gracefully","status":"passed","title":"should handle handler errors gracefully","duration":5,"failureMessages":[]},{"ancestorTitles":["","EventBus","unsubscribe"],"fullName":" EventBus unsubscribe should stop calling handler after unsubscribe","status":"passed","title":"should stop calling handler after unsubscribe","duration":6,"failureMessages":[]},{"ancestorTitles":["","EventBus","unsubscribe"],"fullName":" EventBus unsubscribe should clean up empty event handlers map","status":"passed","title":"should clean up empty event handlers map","duration":11,"failureMessages":[]},{"ancestorTitles":["","EventBus","utility methods"],"fullName":" EventBus utility methods should return correct subscriber count","status":"passed","title":"should return correct subscriber count","duration":0,"failureMessages":[]},{"ancestorTitles":["","EventBus","utility methods"],"fullName":" EventBus utility methods should return registered events","status":"passed","title":"should return registered events","duration":2,"failureMessages":[]},{"ancestorTitles":["","EventBus","utility methods"],"fullName":" EventBus utility methods should clear all handlers","status":"passed","title":"should clear all handlers","duration":9,"failureMessages":[]},{"ancestorTitles":["","EventBus","TaskManager event constants"],"fullName":" EventBus TaskManager event constants should have correct event names","status":"passed","title":"should have correct event names","duration":1,"failureMessages":[]}],"startTime":1768040560115,"endTime":1768040560162,"status":"passed","message":"","name":"/Users/renatovilasboas/Renato/Apps/tasks/src/shared/infrastructure/EventBus.test.ts"},{"assertionResults":[{"ancestorTitles":["","TaskManagerComposition Wiring Check","Environment-based Repository Configuration"],"fullName":" TaskManagerComposition Wiring Check Environment-based Repository Configuration should use MemoryTaskRepository for test environment","status":"passed","title":"should use MemoryTaskRepository for test environment","duration":2,"failureMessages":[]},{"ancestorTitles":["","TaskManagerComposition Wiring Check","Environment-based Repository Configuration"],"fullName":" TaskManagerComposition Wiring Check Environment-based Repository Configuration should use LocalStorageTaskRepository for development environment","status":"passed","title":"should use LocalStorageTaskRepository for development environment","duration":1,"failureMessages":[]},{"ancestorTitles":["","TaskManagerComposition Wiring Check","Environment-based Repository Configuration"],"fullName":" TaskManagerComposition Wiring Check Environment-based Repository Configuration should use LocalStorageTaskRepository for production environment","status":"passed","title":"should use LocalStorageTaskRepository for production environment","duration":0,"failureMessages":[]},{"ancestorTitles":["","TaskManagerComposition Wiring Check","Event Handler Registration"],"fullName":" TaskManagerComposition Wiring Check Event Handler Registration should register all required UI event handlers","status":"passed","title":"should register all required UI event handlers","duration":3,"failureMessages":[]},{"ancestorTitles":["","TaskManagerComposition Wiring Check","Event Handler Registration"],"fullName":" TaskManagerComposition Wiring Check Event Handler Registration should have working event handlers that call service methods","status":"passed","title":"should have working event handlers that call service methods","duration":5,"failureMessages":[]},{"ancestorTitles":["","TaskManagerComposition Wiring Check","Wiring Verification"],"fullName":" TaskManagerComposition Wiring Check Wiring Verification should pass wiring verification for test environment","status":"passed","title":"should pass wiring verification for test environment","duration":2,"failureMessages":[]},{"ancestorTitles":["","TaskManagerComposition Wiring Check","Wiring Verification"],"fullName":" TaskManagerComposition Wiring Check Wiring Verification should pass wiring verification for development environment","status":"passed","title":"should pass wiring verification for development environment","duration":0,"failureMessages":[]},{"ancestorTitles":["","TaskManagerComposition Wiring Check","Wiring Verification"],"fullName":" TaskManagerComposition Wiring Check Wiring Verification should detect missing handlers in wiring verification","status":"passed","title":"should detect missing handlers in wiring verification","duration":1,"failureMessages":[]},{"ancestorTitles":["","TaskManagerComposition Wiring Check","Wiring Verification"],"fullName":" TaskManagerComposition Wiring Check Wiring Verification should detect repository type mismatch","status":"passed","title":"should detect repository type mismatch","duration":1,"failureMessages":[]},{"ancestorTitles":["","TaskManagerComposition Wiring Check","Dependency Access"],"fullName":" TaskManagerComposition Wiring Check Dependency Access should provide access to all wired dependencies","status":"passed","title":"should provide access to all wired dependencies","duration":0,"failureMessages":[]},{"ancestorTitles":["","TaskManagerComposition Wiring Check","Dependency Access"],"fullName":" TaskManagerComposition Wiring Check Dependency Access should provide access to event handlers for testing","status":"passed","title":"should provide access to event handlers for testing","duration":1,"failureMessages":[]},{"ancestorTitles":["","TaskManagerComposition Wiring Check","Cleanup"],"fullName":" TaskManagerComposition Wiring Check Cleanup should properly dispose of subscriptions","status":"passed","title":"should properly dispose of subscriptions","duration":1,"failureMessages":[]},{"ancestorTitles":["","TaskManagerComposition Wiring Check","Environment Detection"],"fullName":" TaskManagerComposition Wiring Check Environment Detection should detect test environment from NODE_ENV","status":"passed","title":"should detect test environment from NODE_ENV","duration":0,"failureMessages":[]},{"ancestorTitles":["","TaskManagerComposition Wiring Check","Environment Detection"],"fullName":" TaskManagerComposition Wiring Check Environment Detection should detect production environment from NODE_ENV","status":"passed","title":"should detect production environment from NODE_ENV","duration":1,"failureMessages":[]},{"ancestorTitles":["","TaskManagerComposition Wiring Check","Environment Detection"],"fullName":" TaskManagerComposition Wiring Check Environment Detection should default to development environment","status":"passed","title":"should default to development environment","duration":0,"failureMessages":[]}],"startTime":1768040560481,"endTime":1768040560501,"status":"passed","message":"","name":"/Users/renatovilasboas/Renato/Apps/tasks/src/domains/task-manager/composition/TaskManagerComposition.test.ts"},{"assertionResults":[{"ancestorTitles":["","WiringReport","generateWiringReport"],"fullName":" WiringReport generateWiringReport should generate a complete wiring report for test environment","status":"passed","title":"should generate a complete wiring report for test environment","duration":4,"failureMessages":[]},{"ancestorTitles":["","WiringReport","generateWiringReport"],"fullName":" WiringReport generateWiringReport should generate a complete wiring report for development environment","status":"passed","title":"should generate a complete wiring report for development environment","duration":1,"failureMessages":[]},{"ancestorTitles":["","WiringReport","generateWiringReportJSON"],"fullName":" WiringReport generateWiringReportJSON should generate valid JSON string","status":"passed","title":"should generate valid JSON string","duration":1,"failureMessages":[]},{"ancestorTitles":["","WiringReport","isWiringHealthy"],"fullName":" WiringReport isWiringHealthy should return true for healthy wiring","status":"passed","title":"should return true for healthy wiring","duration":1,"failureMessages":[]},{"ancestorTitles":["","WiringReport","getWiringErrors"],"fullName":" WiringReport getWiringErrors should return empty array for healthy wiring","status":"passed","title":"should return empty array for healthy wiring","duration":2,"failureMessages":[]}],"startTime":1768040560476,"endTime":1768040560486,"status":"passed","message":"","name":"/Users/renatovilasboas/Renato/Apps/tasks/src/domains/task-manager/composition/WiringReport.test.ts"},{"assertionResults":[{"ancestorTitles":["","LocalStorageTaskRepository Error Handling","localStorage unavailable scenarios"],"fullName":" LocalStorageTaskRepository Error Handling localStorage unavailable scenarios should notify when localStorage is not available","status":"passed","title":"should notify when localStorage is not available","duration":9,"failureMessages":[]},{"ancestorTitles":["","LocalStorageTaskRepository Error Handling","localStorage unavailable scenarios"],"fullName":" LocalStorageTaskRepository Error Handling localStorage unavailable scenarios should notify when localStorage throws error during availability check","status":"passed","title":"should notify when localStorage throws error during availability check","duration":1,"failureMessages":[]},{"ancestorTitles":["","LocalStorageTaskRepository Error Handling","localStorage unavailable scenarios"],"fullName":" LocalStorageTaskRepository Error Handling localStorage unavailable scenarios should use fallback repository when localStorage unavailable","status":"failed","title":"should use fallback repository when localStorage unavailable","duration":16,"failureMessages":["expected { id: 'test-id', …(4) } to deeply equal { id: 'test-id', …(4) }"],"location":{"line":107,"column":25}},{"ancestorTitles":["","LocalStorageTaskRepository Error Handling","corrupted data scenarios"],"fullName":" LocalStorageTaskRepository Error Handling corrupted data scenarios should notify and clear corrupted JSON data","status":"passed","title":"should notify and clear corrupted JSON data","duration":3,"failureMessages":[]},{"ancestorTitles":["","LocalStorageTaskRepository Error Handling","corrupted data scenarios"],"fullName":" LocalStorageTaskRepository Error Handling corrupted data scenarios should notify and clear data that fails schema validation","status":"passed","title":"should notify and clear data that fails schema validation","duration":7,"failureMessages":[]},{"ancestorTitles":["","LocalStorageTaskRepository Error Handling","storage quota exceeded scenarios"],"fullName":" LocalStorageTaskRepository Error Handling storage quota exceeded scenarios should notify when storage quota is exceeded","status":"passed","title":"should notify when storage quota is exceeded","duration":8,"failureMessages":[]},{"ancestorTitles":["","LocalStorageTaskRepository Error Handling","storage restoration"],"fullName":" LocalStorageTaskRepository Error Handling storage restoration should notify when storage is restored","status":"passed","title":"should notify when storage is restored","duration":2,"failureMessages":[]},{"ancestorTitles":["","LocalStorageTaskRepository Error Handling","error handling in repository operations"],"fullName":" LocalStorageTaskRepository Error Handling error handling in repository operations should handle errors gracefully in save operation","status":"passed","title":"should handle errors gracefully in save operation","duration":6,"failureMessages":[]},{"ancestorTitles":["","LocalStorageTaskRepository Error Handling","error handling in repository operations"],"fullName":" LocalStorageTaskRepository Error Handling error handling in repository operations should handle errors gracefully in findAll operation","status":"passed","title":"should handle errors gracefully in findAll operation","duration":4,"failureMessages":[]},{"ancestorTitles":["","LocalStorageTaskRepository Error Handling","error handling in repository operations"],"fullName":" LocalStorageTaskRepository Error Handling error handling in repository operations should handle delete operation with proper error for non-existent task","status":"passed","title":"should handle delete operation with proper error for non-existent task","duration":3,"failureMessages":[]}],"startTime":1768040560436,"endTime":1768040560498,"status":"failed","message":"","name":"/Users/renatovilasboas/Renato/Apps/tasks/src/domains/task-manager/repository/LocalStorageTaskRepository.test.ts"},{"assertionResults":[{"ancestorTitles":["","MemoryTaskRepository"],"fullName":" MemoryTaskRepository should save and retrieve tasks correctly","status":"passed","title":"should save and retrieve tasks correctly","duration":6,"failureMessages":[]},{"ancestorTitles":["","MemoryTaskRepository"],"fullName":" MemoryTaskRepository should update existing tasks","status":"passed","title":"should update existing tasks","duration":1,"failureMessages":[]},{"ancestorTitles":["","MemoryTaskRepository"],"fullName":" MemoryTaskRepository should delete tasks correctly","status":"passed","title":"should delete tasks correctly","duration":1,"failureMessages":[]},{"ancestorTitles":["","MemoryTaskRepository"],"fullName":" MemoryTaskRepository should throw error when deleting non-existent task","status":"passed","title":"should throw error when deleting non-existent task","duration":3,"failureMessages":[]},{"ancestorTitles":["","MemoryTaskRepository"],"fullName":" MemoryTaskRepository should clear all tasks","status":"passed","title":"should clear all tasks","duration":3,"failureMessages":[]},{"ancestorTitles":["","LocalStorageTaskRepository"],"fullName":" LocalStorageTaskRepository should save and retrieve tasks from localStorage","status":"passed","title":"should save and retrieve tasks from localStorage","duration":5,"failureMessages":[]},{"ancestorTitles":["","LocalStorageTaskRepository"],"fullName":" LocalStorageTaskRepository should handle localStorage unavailability gracefully","status":"passed","title":"should handle localStorage unavailability gracefully","duration":2,"failureMessages":[]},{"ancestorTitles":["","LocalStorageTaskRepository"],"fullName":" LocalStorageTaskRepository should report storage availability correctly","status":"passed","title":"should report storage availability correctly","duration":0,"failureMessages":[]},{"ancestorTitles":["","LocalStorageTaskRepository"],"fullName":" LocalStorageTaskRepository should handle corrupted data gracefully","status":"passed","title":"should handle corrupted data gracefully","duration":3,"failureMessages":[]},{"ancestorTitles":["","createTaskRepository factory"],"fullName":" createTaskRepository factory should create MemoryTaskRepository for test environment","status":"passed","title":"should create MemoryTaskRepository for test environment","duration":0,"failureMessages":[]},{"ancestorTitles":["","createTaskRepository factory"],"fullName":" createTaskRepository factory should create LocalStorageTaskRepository for development environment","status":"passed","title":"should create LocalStorageTaskRepository for development environment","duration":1,"failureMessages":[]},{"ancestorTitles":["","createTaskRepository factory"],"fullName":" createTaskRepository factory should create LocalStorageTaskRepository for production environment","status":"passed","title":"should create LocalStorageTaskRepository for production environment","duration":0,"failureMessages":[]},{"ancestorTitles":["","createTaskRepository factory"],"fullName":" createTaskRepository factory should throw error for unknown environment","status":"passed","title":"should throw error for unknown environment","duration":0,"failureMessages":[]}],"startTime":1768040560468,"endTime":1768040560494,"status":"passed","message":"","name":"/Users/renatovilasboas/Renato/Apps/tasks/src/domains/task-manager/repository/TaskRepository.test.ts"}]}
